Warning: The cache directory for DeepSpeed Triton autotune, /home/****/.triton/autotune, appears to be on an NFS system. While this is generally acceptable, if you experience slowdowns or hanging when DeepSpeed exits, it is recommended to set the TRITON_CACHE_DIR environment variable to a non-NFS path.
Libraries Loaded
CUDA Available:  True
CUDA Device count:  1
World size: 1
Rank: 0
Local rank: 0
GPU 0:  NVIDIA H200 NVL
Libraries loaded!
Preparing the training!
Model name:  microsoft/Phi-3.5-vision-instruct
Number of Epochs:  2
Warning: The cache directory for DeepSpeed Triton autotune, /home/****/.triton/autotune, appears to be on an NFS system. While this is generally acceptable, if you experience slowdowns or hanging when DeepSpeed exits, it is recommended to set the TRITON_CACHE_DIR environment variable to a non-NFS path.
{'loss': 0.6254, 'grad_norm': 114681.374808641, 'learning_rate': 4.000000000000001e-06, 'epoch': 0.01}
{'loss': 0.151, 'grad_norm': 62341.80055147589, 'learning_rate': 8.000000000000001e-06, 'epoch': 0.01}
{'loss': 0.1342, 'grad_norm': 74340.00161420499, 'learning_rate': 9.983311081441923e-06, 'epoch': 0.02}
{'loss': 0.14, 'grad_norm': 62960.847770658234, 'learning_rate': 9.949933244325769e-06, 'epoch': 0.03}
{'loss': 0.1281, 'grad_norm': 83538.88522119504, 'learning_rate': 9.916555407209613e-06, 'epoch': 0.03}
{'loss': 0.1317, 'grad_norm': 109243.9460290592, 'learning_rate': 9.883177570093458e-06, 'epoch': 0.04}
{'loss': 0.1294, 'grad_norm': 68451.61280788058, 'learning_rate': 9.849799732977304e-06, 'epoch': 0.05}
{'loss': 0.1317, 'grad_norm': 61100.74042104564, 'learning_rate': 9.81642189586115e-06, 'epoch': 0.05}
{'loss': 0.118, 'grad_norm': 60529.4781738617, 'learning_rate': 9.783044058744994e-06, 'epoch': 0.06}
{'loss': 0.1153, 'grad_norm': 60247.914486727255, 'learning_rate': 9.74966622162884e-06, 'epoch': 0.07}
{'loss': 0.1175, 'grad_norm': 77919.46775998922, 'learning_rate': 9.716288384512684e-06, 'epoch': 0.07}
{'loss': 0.1219, 'grad_norm': 62458.7538780594, 'learning_rate': 9.682910547396529e-06, 'epoch': 0.08}
{'loss': 0.1199, 'grad_norm': 57975.91113557423, 'learning_rate': 9.649532710280375e-06, 'epoch': 0.09}
{'loss': 0.1209, 'grad_norm': 32758.683245820488, 'learning_rate': 9.616154873164219e-06, 'epoch': 0.09}
{'loss': 0.1179, 'grad_norm': 53540.72423865781, 'learning_rate': 9.582777036048065e-06, 'epoch': 0.1}
{'loss': 0.1287, 'grad_norm': 77188.52723041165, 'learning_rate': 9.54939919893191e-06, 'epoch': 0.11}
{'loss': 0.1155, 'grad_norm': 41155.719894080336, 'learning_rate': 9.516021361815755e-06, 'epoch': 0.11}
{'loss': 0.1338, 'grad_norm': 61927.433145577736, 'learning_rate': 9.482643524699601e-06, 'epoch': 0.12}
{'loss': 0.1193, 'grad_norm': 64521.80481046698, 'learning_rate': 9.449265687583446e-06, 'epoch': 0.13}
{'loss': 0.1221, 'grad_norm': 48629.32777655887, 'learning_rate': 9.41588785046729e-06, 'epoch': 0.13}
{'loss': 0.1367, 'grad_norm': 47860.25256932939, 'learning_rate': 9.382510013351136e-06, 'epoch': 0.14}
{'loss': 0.0932, 'grad_norm': 38261.95520357003, 'learning_rate': 9.34913217623498e-06, 'epoch': 0.15}
{'loss': 0.1181, 'grad_norm': 56798.59378540987, 'learning_rate': 9.315754339118825e-06, 'epoch': 0.15}
{'loss': 0.1094, 'grad_norm': 50362.861237225196, 'learning_rate': 9.28237650200267e-06, 'epoch': 0.16}
{'loss': 0.1105, 'grad_norm': 54289.912138444284, 'learning_rate': 9.248998664886517e-06, 'epoch': 0.17}
{'loss': 0.122, 'grad_norm': 50103.06178268949, 'learning_rate': 9.215620827770361e-06, 'epoch': 0.17}
{'loss': 0.0987, 'grad_norm': 37761.618609376375, 'learning_rate': 9.182242990654207e-06, 'epoch': 0.18}
{'loss': 0.1218, 'grad_norm': 64085.34509542724, 'learning_rate': 9.148865153538051e-06, 'epoch': 0.19}
{'loss': 0.1181, 'grad_norm': 44609.97269669642, 'learning_rate': 9.115487316421897e-06, 'epoch': 0.19}
{'loss': 0.1249, 'grad_norm': 65209.613033662456, 'learning_rate': 9.082109479305742e-06, 'epoch': 0.2}
{'loss': 0.1331, 'grad_norm': 44117.95389634474, 'learning_rate': 9.048731642189586e-06, 'epoch': 0.21}
{'loss': 0.1295, 'grad_norm': 86495.28967521874, 'learning_rate': 9.015353805073432e-06, 'epoch': 0.21}
{'loss': 0.1117, 'grad_norm': 59292.22869820294, 'learning_rate': 8.981975967957276e-06, 'epoch': 0.22}
{'loss': 0.1271, 'grad_norm': 79505.50853871698, 'learning_rate': 8.948598130841122e-06, 'epoch': 0.23}
{'loss': 0.1264, 'grad_norm': 59903.14101948244, 'learning_rate': 8.915220293724968e-06, 'epoch': 0.23}
{'loss': 0.1066, 'grad_norm': 41144.363210529824, 'learning_rate': 8.881842456608813e-06, 'epoch': 0.24}
{'loss': 0.1049, 'grad_norm': 60833.820067459186, 'learning_rate': 8.848464619492657e-06, 'epoch': 0.24}
{'loss': 0.1134, 'grad_norm': 53142.344697990135, 'learning_rate': 8.815086782376503e-06, 'epoch': 0.25}
{'loss': 0.1129, 'grad_norm': 52319.92660545311, 'learning_rate': 8.781708945260347e-06, 'epoch': 0.26}
{'loss': 0.1121, 'grad_norm': 35123.15247810196, 'learning_rate': 8.748331108144193e-06, 'epoch': 0.26}
{'loss': 0.1109, 'grad_norm': 53703.02933727296, 'learning_rate': 8.714953271028038e-06, 'epoch': 0.27}
{'loss': 0.112, 'grad_norm': 70115.49420777122, 'learning_rate': 8.681575433911884e-06, 'epoch': 0.28}
{'loss': 0.1261, 'grad_norm': 62743.76896553155, 'learning_rate': 8.648197596795728e-06, 'epoch': 0.28}
{'loss': 0.1158, 'grad_norm': 49414.63945026818, 'learning_rate': 8.614819759679574e-06, 'epoch': 0.29}
{'loss': 0.1323, 'grad_norm': 72144.16500313798, 'learning_rate': 8.581441922563418e-06, 'epoch': 0.3}
{'loss': 0.1222, 'grad_norm': 63043.19382772418, 'learning_rate': 8.548064085447264e-06, 'epoch': 0.3}
{'loss': 0.1067, 'grad_norm': 64342.26878188241, 'learning_rate': 8.514686248331109e-06, 'epoch': 0.31}
{'loss': 0.1257, 'grad_norm': 49840.20802524805, 'learning_rate': 8.481308411214953e-06, 'epoch': 0.32}
{'loss': 0.1123, 'grad_norm': 55415.49588337183, 'learning_rate': 8.447930574098799e-06, 'epoch': 0.32}
{'loss': 0.1137, 'grad_norm': 35712.856620550534, 'learning_rate': 8.414552736982643e-06, 'epoch': 0.33}
{'loss': 0.1109, 'grad_norm': 85444.37741595406, 'learning_rate': 8.38117489986649e-06, 'epoch': 0.34}
{'loss': 0.1121, 'grad_norm': 116710.26032016208, 'learning_rate': 8.347797062750335e-06, 'epoch': 0.34}
{'loss': 0.1157, 'grad_norm': 123711.55302557639, 'learning_rate': 8.31441922563418e-06, 'epoch': 0.35}
{'loss': 0.0953, 'grad_norm': 134731.5605491156, 'learning_rate': 8.281041388518026e-06, 'epoch': 0.36}
{'loss': 0.1164, 'grad_norm': 87551.245610785, 'learning_rate': 8.24766355140187e-06, 'epoch': 0.36}
{'loss': 0.117, 'grad_norm': 143036.93598508043, 'learning_rate': 8.214285714285714e-06, 'epoch': 0.37}
{'loss': 0.1103, 'grad_norm': 108921.4005051349, 'learning_rate': 8.18090787716956e-06, 'epoch': 0.38}
{'loss': 0.0989, 'grad_norm': 110843.10843710582, 'learning_rate': 8.147530040053405e-06, 'epoch': 0.38}
{'loss': 0.1028, 'grad_norm': 135105.44006811865, 'learning_rate': 8.11415220293725e-06, 'epoch': 0.39}
{'loss': 0.108, 'grad_norm': 124802.85535195099, 'learning_rate': 8.080774365821095e-06, 'epoch': 0.4}
{'loss': 0.1145, 'grad_norm': 79125.9840002006, 'learning_rate': 8.047396528704941e-06, 'epoch': 0.4}
{'loss': 0.1076, 'grad_norm': 83053.68673334134, 'learning_rate': 8.014018691588785e-06, 'epoch': 0.41}
{'loss': 0.1099, 'grad_norm': 89696.15126637263, 'learning_rate': 7.980640854472631e-06, 'epoch': 0.42}
{'loss': 0.0952, 'grad_norm': 83660.86817622681, 'learning_rate': 7.947263017356476e-06, 'epoch': 0.42}
{'loss': 0.1023, 'grad_norm': 90091.57723117073, 'learning_rate': 7.913885180240322e-06, 'epoch': 0.43}
{'loss': 0.1247, 'grad_norm': 80367.83595444138, 'learning_rate': 7.880507343124166e-06, 'epoch': 0.44}
{'loss': 0.12, 'grad_norm': 135167.46969592944, 'learning_rate': 7.84712950600801e-06, 'epoch': 0.44}
{'loss': 0.1165, 'grad_norm': 74936.23187751036, 'learning_rate': 7.813751668891856e-06, 'epoch': 0.45}
{'loss': 0.0997, 'grad_norm': 104002.87011424253, 'learning_rate': 7.780373831775702e-06, 'epoch': 0.46}
{'loss': 0.1099, 'grad_norm': 97192.21302141443, 'learning_rate': 7.746995994659547e-06, 'epoch': 0.46}
{'loss': 0.1046, 'grad_norm': 129363.0268044158, 'learning_rate': 7.713618157543393e-06, 'epoch': 0.47}
{'loss': 0.1133, 'grad_norm': 160525.96430484383, 'learning_rate': 7.680240320427237e-06, 'epoch': 0.48}
{'loss': 0.1122, 'grad_norm': 157256.87561439085, 'learning_rate': 7.646862483311081e-06, 'epoch': 0.48}
{'loss': 0.1113, 'grad_norm': 133605.7675401777, 'learning_rate': 7.613484646194927e-06, 'epoch': 0.49}
{'loss': 0.0973, 'grad_norm': 89305.02301662545, 'learning_rate': 7.5801068090787725e-06, 'epoch': 0.5}
{'loss': 0.1108, 'grad_norm': 128355.57811018577, 'learning_rate': 7.546728971962617e-06, 'epoch': 0.5}
{'loss': 0.1029, 'grad_norm': 106186.74809975113, 'learning_rate': 7.513351134846463e-06, 'epoch': 0.51}
{'loss': 0.1085, 'grad_norm': 121481.85418407146, 'learning_rate': 7.479973297730307e-06, 'epoch': 0.52}
{'loss': 0.1046, 'grad_norm': 156674.79736064764, 'learning_rate': 7.446595460614153e-06, 'epoch': 0.52}
{'loss': 0.1095, 'grad_norm': 102194.38857393296, 'learning_rate': 7.413217623497998e-06, 'epoch': 0.53}
{'loss': 0.1155, 'grad_norm': 78111.11183436068, 'learning_rate': 7.379839786381843e-06, 'epoch': 0.54}
{'loss': 0.0962, 'grad_norm': 85224.09274377757, 'learning_rate': 7.346461949265689e-06, 'epoch': 0.54}
{'loss': 0.1118, 'grad_norm': 110742.34687778655, 'learning_rate': 7.313084112149533e-06, 'epoch': 0.55}
{'loss': 0.1095, 'grad_norm': 100119.74142994976, 'learning_rate': 7.279706275033378e-06, 'epoch': 0.56}
{'loss': 0.122, 'grad_norm': 115595.30841690765, 'learning_rate': 7.246328437917224e-06, 'epoch': 0.56}
{'loss': 0.1142, 'grad_norm': 87594.09514345131, 'learning_rate': 7.2129506008010685e-06, 'epoch': 0.57}
{'loss': 0.0959, 'grad_norm': 93881.22674954776, 'learning_rate': 7.179572763684914e-06, 'epoch': 0.58}
{'loss': 0.0997, 'grad_norm': 102545.41674789762, 'learning_rate': 7.146194926568759e-06, 'epoch': 0.58}
{'loss': 0.1099, 'grad_norm': 81800.01838630601, 'learning_rate': 7.112817089452604e-06, 'epoch': 0.59}
{'loss': 0.0986, 'grad_norm': 67167.29108725466, 'learning_rate': 7.07943925233645e-06, 'epoch': 0.6}
{'loss': 0.1174, 'grad_norm': 83143.43307802487, 'learning_rate': 7.046061415220294e-06, 'epoch': 0.6}
{'loss': 0.1103, 'grad_norm': 72998.15493558724, 'learning_rate': 7.0126835781041395e-06, 'epoch': 0.61}
{'loss': 0.1232, 'grad_norm': 78775.0571691319, 'learning_rate': 6.979305740987985e-06, 'epoch': 0.62}
{'loss': 0.103, 'grad_norm': 82788.03855630354, 'learning_rate': 6.94592790387183e-06, 'epoch': 0.62}
{'loss': 0.1199, 'grad_norm': 115896.07924343256, 'learning_rate': 6.912550066755674e-06, 'epoch': 0.63}
{'loss': 0.0955, 'grad_norm': 69074.25152688952, 'learning_rate': 6.87917222963952e-06, 'epoch': 0.64}
{'loss': 0.1072, 'grad_norm': 94241.11917841384, 'learning_rate': 6.845794392523365e-06, 'epoch': 0.64}
{'loss': 0.1129, 'grad_norm': 113586.90178009082, 'learning_rate': 6.81241655540721e-06, 'epoch': 0.65}
{'loss': 0.1142, 'grad_norm': 143317.38652375713, 'learning_rate': 6.779038718291056e-06, 'epoch': 0.66}
{'loss': 0.1114, 'grad_norm': 80651.06590740137, 'learning_rate': 6.7456608811749e-06, 'epoch': 0.66}
{'loss': 0.1281, 'grad_norm': 310663.56809899677, 'learning_rate': 6.712283044058746e-06, 'epoch': 0.67}
{'loss': 0.1009, 'grad_norm': 244528.11254332293, 'learning_rate': 6.678905206942591e-06, 'epoch': 0.68}
{'loss': 0.1022, 'grad_norm': 216458.33210112288, 'learning_rate': 6.6455273698264355e-06, 'epoch': 0.68}
{'loss': 0.1114, 'grad_norm': 182526.6086903496, 'learning_rate': 6.6121495327102815e-06, 'epoch': 0.69}
{'loss': 0.1017, 'grad_norm': 275344.4086230915, 'learning_rate': 6.578771695594126e-06, 'epoch': 0.7}
{'loss': 0.1079, 'grad_norm': 183011.98666754045, 'learning_rate': 6.545393858477971e-06, 'epoch': 0.7}
{'loss': 0.1007, 'grad_norm': 167172.39810447177, 'learning_rate': 6.512016021361817e-06, 'epoch': 0.71}
{'loss': 0.0951, 'grad_norm': 213626.3917777951, 'learning_rate': 6.478638184245661e-06, 'epoch': 0.71}
{'loss': 0.1144, 'grad_norm': 306991.9161932444, 'learning_rate': 6.4452603471295065e-06, 'epoch': 0.72}
{'loss': 0.1019, 'grad_norm': 194167.94182356674, 'learning_rate': 6.411882510013352e-06, 'epoch': 0.73}
{'loss': 0.1117, 'grad_norm': 165491.26014385172, 'learning_rate': 6.378504672897197e-06, 'epoch': 0.73}
{'loss': 0.1167, 'grad_norm': 239117.10456594275, 'learning_rate': 6.345126835781041e-06, 'epoch': 0.74}
{'loss': 0.0912, 'grad_norm': 176676.74980030622, 'learning_rate': 6.311748998664887e-06, 'epoch': 0.75}
{'loss': 0.1146, 'grad_norm': 259572.2127501324, 'learning_rate': 6.278371161548732e-06, 'epoch': 0.75}
{'loss': 0.099, 'grad_norm': 205464.54183629836, 'learning_rate': 6.2449933244325775e-06, 'epoch': 0.76}
{'loss': 0.1085, 'grad_norm': 215189.82399732567, 'learning_rate': 6.211615487316423e-06, 'epoch': 0.77}
{'loss': 0.0916, 'grad_norm': 124741.5658070717, 'learning_rate': 6.178237650200267e-06, 'epoch': 0.77}
{'loss': 0.1027, 'grad_norm': 217276.79526355315, 'learning_rate': 6.144859813084113e-06, 'epoch': 0.78}
{'loss': 0.1061, 'grad_norm': 247865.96016395636, 'learning_rate': 6.111481975967958e-06, 'epoch': 0.79}
{'loss': 0.1086, 'grad_norm': 145452.01446525243, 'learning_rate': 6.0781041388518024e-06, 'epoch': 0.79}
{'loss': 0.1002, 'grad_norm': 178164.30421383516, 'learning_rate': 6.0447263017356485e-06, 'epoch': 0.8}
{'loss': 0.0987, 'grad_norm': 207072.18544266152, 'learning_rate': 6.011348464619493e-06, 'epoch': 0.81}
{'loss': 0.1049, 'grad_norm': 182437.5371901298, 'learning_rate': 5.977970627503338e-06, 'epoch': 0.81}
{'loss': 0.101, 'grad_norm': 156480.46462098713, 'learning_rate': 5.944592790387184e-06, 'epoch': 0.82}
{'loss': 0.1163, 'grad_norm': 305789.8300467169, 'learning_rate': 5.911214953271028e-06, 'epoch': 0.83}
{'loss': 0.1189, 'grad_norm': 223730.94698767088, 'learning_rate': 5.877837116154874e-06, 'epoch': 0.83}
{'loss': 0.0948, 'grad_norm': 152669.1594789203, 'learning_rate': 5.844459279038719e-06, 'epoch': 0.84}
{'loss': 0.1074, 'grad_norm': 259987.7963905229, 'learning_rate': 5.811081441922564e-06, 'epoch': 0.85}
{'loss': 0.11, 'grad_norm': 136984.8201809237, 'learning_rate': 5.77770360480641e-06, 'epoch': 0.85}
{'loss': 0.0828, 'grad_norm': 218599.567721439, 'learning_rate': 5.744325767690254e-06, 'epoch': 0.86}
{'loss': 0.0948, 'grad_norm': 180177.76679712732, 'learning_rate': 5.710947930574099e-06, 'epoch': 0.87}
{'loss': 0.1009, 'grad_norm': 186421.69556143405, 'learning_rate': 5.6775700934579444e-06, 'epoch': 0.87}
{'loss': 0.1112, 'grad_norm': 151017.767855309, 'learning_rate': 5.64419225634179e-06, 'epoch': 0.88}
{'loss': 0.1023, 'grad_norm': 194940.01834410502, 'learning_rate': 5.610814419225634e-06, 'epoch': 0.89}
{'loss': 0.101, 'grad_norm': 232400.62072206262, 'learning_rate': 5.57743658210948e-06, 'epoch': 0.89}
{'loss': 0.1029, 'grad_norm': 163285.78764852745, 'learning_rate': 5.544058744993325e-06, 'epoch': 0.9}
{'loss': 0.1041, 'grad_norm': 191307.2622981156, 'learning_rate': 5.5106809078771694e-06, 'epoch': 0.91}
{'loss': 0.1058, 'grad_norm': 229362.0352891908, 'learning_rate': 5.4773030707610155e-06, 'epoch': 0.91}
{'loss': 0.1171, 'grad_norm': 247662.8500522434, 'learning_rate': 5.44392523364486e-06, 'epoch': 0.92}
{'loss': 0.1261, 'grad_norm': 150261.01493068654, 'learning_rate': 5.410547396528706e-06, 'epoch': 0.93}
{'loss': 0.1115, 'grad_norm': 221163.86945430306, 'learning_rate': 5.377169559412551e-06, 'epoch': 0.93}
{'loss': 0.0991, 'grad_norm': 164127.7909922631, 'learning_rate': 5.343791722296395e-06, 'epoch': 0.94}
{'loss': 0.1047, 'grad_norm': 171352.1447312522, 'learning_rate': 5.310413885180241e-06, 'epoch': 0.95}
{'loss': 0.089, 'grad_norm': 229245.88273729148, 'learning_rate': 5.277036048064086e-06, 'epoch': 0.95}
{'loss': 0.0987, 'grad_norm': 141266.55066221443, 'learning_rate': 5.243658210947931e-06, 'epoch': 0.96}
{'loss': 0.1045, 'grad_norm': 177992.36513963176, 'learning_rate': 5.210280373831777e-06, 'epoch': 0.97}
{'loss': 0.104, 'grad_norm': 161649.10778596954, 'learning_rate': 5.176902536715621e-06, 'epoch': 0.97}
{'loss': 0.1082, 'grad_norm': 208490.64592925986, 'learning_rate': 5.143524699599466e-06, 'epoch': 0.98}
{'loss': 0.1132, 'grad_norm': 240196.11827005033, 'learning_rate': 5.1101468624833114e-06, 'epoch': 0.99}
{'loss': 0.1129, 'grad_norm': 175704.05955469556, 'learning_rate': 5.076769025367157e-06, 'epoch': 0.99}
{'loss': 0.1077, 'grad_norm': 601691.1454359288, 'learning_rate': 5.043391188251003e-06, 'epoch': 1.0}
{'loss': 0.0537, 'grad_norm': 233719.30761492514, 'learning_rate': 5.010013351134847e-06, 'epoch': 1.01}
{'loss': 0.0407, 'grad_norm': 181372.48832168567, 'learning_rate': 4.976635514018692e-06, 'epoch': 1.01}
{'loss': 0.0439, 'grad_norm': 528105.2908350758, 'learning_rate': 4.943257676902537e-06, 'epoch': 1.02}
{'loss': 0.0456, 'grad_norm': 302980.5559437767, 'learning_rate': 4.9098798397863824e-06, 'epoch': 1.03}
{'loss': 0.0488, 'grad_norm': 271195.6483426679, 'learning_rate': 4.876502002670228e-06, 'epoch': 1.03}
{'loss': 0.0476, 'grad_norm': 331842.277330662, 'learning_rate': 4.843124165554072e-06, 'epoch': 1.04}
{'loss': 0.0408, 'grad_norm': 319929.284986542, 'learning_rate': 4.809746328437918e-06, 'epoch': 1.05}
{'loss': 0.0357, 'grad_norm': 249844.91778701442, 'learning_rate': 4.776368491321763e-06, 'epoch': 1.05}
{'loss': 0.04, 'grad_norm': 368478.5201880837, 'learning_rate': 4.742990654205608e-06, 'epoch': 1.06}
{'loss': 0.0462, 'grad_norm': 415318.0280796874, 'learning_rate': 4.709612817089453e-06, 'epoch': 1.07}
{'loss': 0.0427, 'grad_norm': 387511.4119609899, 'learning_rate': 4.676234979973298e-06, 'epoch': 1.07}
{'loss': 0.0373, 'grad_norm': 238963.08481437044, 'learning_rate': 4.642857142857144e-06, 'epoch': 1.08}
{'loss': 0.0389, 'grad_norm': 156095.94751946637, 'learning_rate': 4.609479305740988e-06, 'epoch': 1.09}
{'loss': 0.04, 'grad_norm': 437363.5069916099, 'learning_rate': 4.576101468624833e-06, 'epoch': 1.09}
{'loss': 0.0374, 'grad_norm': 511416.9960726765, 'learning_rate': 4.5427236315086784e-06, 'epoch': 1.1}
{'loss': 0.0421, 'grad_norm': 265900.02909364266, 'learning_rate': 4.509345794392524e-06, 'epoch': 1.11}
{'loss': 0.0535, 'grad_norm': 424307.72108930565, 'learning_rate': 4.475967957276369e-06, 'epoch': 1.11}
{'loss': 0.0415, 'grad_norm': 377987.51098945056, 'learning_rate': 4.442590120160214e-06, 'epoch': 1.12}
{'loss': 0.0358, 'grad_norm': 380406.52478105575, 'learning_rate': 4.409212283044059e-06, 'epoch': 1.13}
{'loss': 0.0425, 'grad_norm': 355290.3380617041, 'learning_rate': 4.375834445927904e-06, 'epoch': 1.13}
{'loss': 0.0438, 'grad_norm': 283115.16740718787, 'learning_rate': 4.3424566088117494e-06, 'epoch': 1.14}
{'loss': 0.0398, 'grad_norm': 744236.4266064918, 'learning_rate': 4.309078771695595e-06, 'epoch': 1.15}
{'loss': 0.0368, 'grad_norm': 382716.44680624845, 'learning_rate': 4.27570093457944e-06, 'epoch': 1.15}
{'loss': 0.0411, 'grad_norm': 310224.61684398935, 'learning_rate': 4.242323097463285e-06, 'epoch': 1.16}
{'loss': 0.04, 'grad_norm': 220165.73946007132, 'learning_rate': 4.20894526034713e-06, 'epoch': 1.17}
{'loss': 0.0378, 'grad_norm': 374731.90894825064, 'learning_rate': 4.175567423230975e-06, 'epoch': 1.17}
{'loss': 0.0432, 'grad_norm': 534455.1981073811, 'learning_rate': 4.1421895861148204e-06, 'epoch': 1.18}
{'loss': 0.039, 'grad_norm': 394146.5655514456, 'learning_rate': 4.108811748998665e-06, 'epoch': 1.19}
{'loss': 0.0358, 'grad_norm': 339530.6584566407, 'learning_rate': 4.075433911882511e-06, 'epoch': 1.19}
{'loss': 0.0455, 'grad_norm': 452164.651639201, 'learning_rate': 4.042056074766356e-06, 'epoch': 1.2}
{'loss': 0.0322, 'grad_norm': 284708.14159064717, 'learning_rate': 4.0086782376502e-06, 'epoch': 1.2}
{'loss': 0.0386, 'grad_norm': 271009.9780303301, 'learning_rate': 3.9753004005340454e-06, 'epoch': 1.21}
{'loss': 0.0446, 'grad_norm': 430827.1795325824, 'learning_rate': 3.941922563417891e-06, 'epoch': 1.22}
{'loss': 0.043, 'grad_norm': 721474.8812148626, 'learning_rate': 3.908544726301737e-06, 'epoch': 1.22}
{'loss': 0.0404, 'grad_norm': 300355.12975143275, 'learning_rate': 3.875166889185581e-06, 'epoch': 1.23}
{'loss': 0.0477, 'grad_norm': 730769.3870763881, 'learning_rate': 3.841789052069426e-06, 'epoch': 1.24}
{'loss': 0.0411, 'grad_norm': 280841.77193572896, 'learning_rate': 3.8084112149532717e-06, 'epoch': 1.24}
{'loss': 0.0343, 'grad_norm': 535202.2108175564, 'learning_rate': 3.775033377837116e-06, 'epoch': 1.25}
{'loss': 0.0353, 'grad_norm': 519022.7489118372, 'learning_rate': 3.7416555407209616e-06, 'epoch': 1.26}
{'loss': 0.0367, 'grad_norm': 132753.41062285367, 'learning_rate': 3.7082777036048068e-06, 'epoch': 1.26}
{'loss': 0.0388, 'grad_norm': 445874.2526946359, 'learning_rate': 3.674899866488652e-06, 'epoch': 1.27}
{'loss': 0.042, 'grad_norm': 580546.8468676753, 'learning_rate': 3.6415220293724967e-06, 'epoch': 1.28}
{'loss': 0.039, 'grad_norm': 607831.2591106186, 'learning_rate': 3.608144192256342e-06, 'epoch': 1.28}
{'loss': 0.0408, 'grad_norm': 571014.240719091, 'learning_rate': 3.5747663551401874e-06, 'epoch': 1.29}
{'loss': 0.0438, 'grad_norm': 334905.79317772336, 'learning_rate': 3.5413885180240326e-06, 'epoch': 1.3}
{'loss': 0.0425, 'grad_norm': 462762.18673526036, 'learning_rate': 3.5080106809078773e-06, 'epoch': 1.3}
{'loss': 0.0378, 'grad_norm': 352478.4413946476, 'learning_rate': 3.4746328437917225e-06, 'epoch': 1.31}
{'loss': 0.0371, 'grad_norm': 414020.1304477839, 'learning_rate': 3.4412550066755677e-06, 'epoch': 1.32}
{'loss': 0.0408, 'grad_norm': 431342.3379173438, 'learning_rate': 3.4078771695594124e-06, 'epoch': 1.32}
{'loss': 0.0465, 'grad_norm': 727081.0129277204, 'learning_rate': 3.374499332443258e-06, 'epoch': 1.33}
{'loss': 0.0384, 'grad_norm': 1039219.2535244909, 'learning_rate': 3.341121495327103e-06, 'epoch': 1.34}
{'loss': 0.0378, 'grad_norm': 690911.228567028, 'learning_rate': 3.3077436582109483e-06, 'epoch': 1.34}
{'loss': 0.0413, 'grad_norm': 769821.0303804385, 'learning_rate': 3.274365821094793e-06, 'epoch': 1.35}
{'loss': 0.0467, 'grad_norm': 743018.4238038785, 'learning_rate': 3.2409879839786383e-06, 'epoch': 1.36}
{'loss': 0.0378, 'grad_norm': 898068.6884732147, 'learning_rate': 3.207610146862484e-06, 'epoch': 1.36}
{'loss': 0.0381, 'grad_norm': 607774.0312714915, 'learning_rate': 3.1742323097463286e-06, 'epoch': 1.37}
{'loss': 0.0407, 'grad_norm': 652731.0520451743, 'learning_rate': 3.1408544726301738e-06, 'epoch': 1.38}
{'loss': 0.0386, 'grad_norm': 674290.1744975972, 'learning_rate': 3.107476635514019e-06, 'epoch': 1.38}
{'loss': 0.0484, 'grad_norm': 713307.7442787229, 'learning_rate': 3.074098798397864e-06, 'epoch': 1.39}
{'loss': 0.0457, 'grad_norm': 717327.1661494495, 'learning_rate': 3.040720961281709e-06, 'epoch': 1.4}
{'loss': 0.0423, 'grad_norm': 1155520.650456754, 'learning_rate': 3.0073431241655544e-06, 'epoch': 1.4}
{'loss': 0.0345, 'grad_norm': 694874.2402708565, 'learning_rate': 2.9739652870493996e-06, 'epoch': 1.41}
{'loss': 0.0407, 'grad_norm': 637516.2556798062, 'learning_rate': 2.9405874499332443e-06, 'epoch': 1.42}
{'loss': 0.0421, 'grad_norm': 1020794.3423040706, 'learning_rate': 2.9072096128170895e-06, 'epoch': 1.42}
{'loss': 0.0431, 'grad_norm': 572303.9890407894, 'learning_rate': 2.8738317757009347e-06, 'epoch': 1.43}
{'loss': 0.0339, 'grad_norm': 520899.8648339237, 'learning_rate': 2.8404539385847803e-06, 'epoch': 1.44}
{'loss': 0.0303, 'grad_norm': 526352.8090701142, 'learning_rate': 2.807076101468625e-06, 'epoch': 1.44}
{'loss': 0.0372, 'grad_norm': 1058538.4239639107, 'learning_rate': 2.77369826435247e-06, 'epoch': 1.45}
{'loss': 0.0411, 'grad_norm': 766255.255475615, 'learning_rate': 2.7403204272363153e-06, 'epoch': 1.46}
{'loss': 0.0353, 'grad_norm': 817667.526604793, 'learning_rate': 2.7069425901201605e-06, 'epoch': 1.46}
{'loss': 0.0377, 'grad_norm': 660436.6621440697, 'learning_rate': 2.6735647530040053e-06, 'epoch': 1.47}
{'loss': 0.0433, 'grad_norm': 611052.4270011535, 'learning_rate': 2.640186915887851e-06, 'epoch': 1.48}
{'loss': 0.0375, 'grad_norm': 524830.8127539769, 'learning_rate': 2.606809078771696e-06, 'epoch': 1.48}
{'loss': 0.0376, 'grad_norm': 582851.7632468825, 'learning_rate': 2.5734312416555408e-06, 'epoch': 1.49}
{'loss': 0.0413, 'grad_norm': 924054.473753577, 'learning_rate': 2.540053404539386e-06, 'epoch': 1.5}
{'loss': 0.0354, 'grad_norm': 593365.6999591399, 'learning_rate': 2.506675567423231e-06, 'epoch': 1.5}
{'loss': 0.0436, 'grad_norm': 786860.6748338615, 'learning_rate': 2.4732977303070763e-06, 'epoch': 1.51}
{'loss': 0.0396, 'grad_norm': 709495.3750152286, 'learning_rate': 2.4399198931909214e-06, 'epoch': 1.52}
{'loss': 0.0322, 'grad_norm': 671627.5020932362, 'learning_rate': 2.4065420560747666e-06, 'epoch': 1.52}
{'loss': 0.0386, 'grad_norm': 632602.6509966584, 'learning_rate': 2.3731642189586118e-06, 'epoch': 1.53}
{'loss': 0.0449, 'grad_norm': 885371.0313580403, 'learning_rate': 2.339786381842457e-06, 'epoch': 1.54}
{'loss': 0.0411, 'grad_norm': 727935.1109542663, 'learning_rate': 2.3064085447263017e-06, 'epoch': 1.54}
{'loss': 0.0358, 'grad_norm': 1166776.6682891804, 'learning_rate': 2.2730307076101473e-06, 'epoch': 1.55}
{'loss': 0.043, 'grad_norm': 252456.82428486657, 'learning_rate': 2.239652870493992e-06, 'epoch': 1.56}
{'loss': 0.0337, 'grad_norm': 1193391.0568862162, 'learning_rate': 2.2062750333778376e-06, 'epoch': 1.56}
{'loss': 0.0367, 'grad_norm': 387962.6578319104, 'learning_rate': 2.1728971962616823e-06, 'epoch': 1.57}
{'loss': 0.0355, 'grad_norm': 675161.0893053598, 'learning_rate': 2.1395193591455275e-06, 'epoch': 1.58}
{'loss': 0.0426, 'grad_norm': 1175521.5605815148, 'learning_rate': 2.1061415220293727e-06, 'epoch': 1.58}
{'loss': 0.0361, 'grad_norm': 566834.9028632587, 'learning_rate': 2.072763684913218e-06, 'epoch': 1.59}
{'loss': 0.0343, 'grad_norm': 634571.4863307364, 'learning_rate': 2.039385847797063e-06, 'epoch': 1.6}
{'loss': 0.0337, 'grad_norm': 1183878.1377287107, 'learning_rate': 2.0060080106809077e-06, 'epoch': 1.6}
{'loss': 0.0359, 'grad_norm': 675163.224780497, 'learning_rate': 1.9726301735647533e-06, 'epoch': 1.61}
{'loss': 0.0347, 'grad_norm': 635490.8287363398, 'learning_rate': 1.939252336448598e-06, 'epoch': 1.62}
{'loss': 0.0324, 'grad_norm': 995359.2093872443, 'learning_rate': 1.9058744993324435e-06, 'epoch': 1.62}
{'loss': 0.0333, 'grad_norm': 1003646.2940936912, 'learning_rate': 1.8724966622162884e-06, 'epoch': 1.63}
{'loss': 0.0365, 'grad_norm': 724049.3759074722, 'learning_rate': 1.8391188251001338e-06, 'epoch': 1.64}
{'loss': 0.0343, 'grad_norm': 955065.0844753984, 'learning_rate': 1.8057409879839787e-06, 'epoch': 1.64}
{'loss': 0.0343, 'grad_norm': 1125485.9418544506, 'learning_rate': 1.7723631508678237e-06, 'epoch': 1.65}
{'loss': 0.0367, 'grad_norm': 772399.6007870537, 'learning_rate': 1.738985313751669e-06, 'epoch': 1.66}
{'loss': 0.0429, 'grad_norm': 1413644.8416656852, 'learning_rate': 1.705607476635514e-06, 'epoch': 1.66}
{'loss': 0.0313, 'grad_norm': 1123227.24069531, 'learning_rate': 1.6722296395193594e-06, 'epoch': 1.67}
{'loss': 0.0321, 'grad_norm': 1411071.582002841, 'learning_rate': 1.6388518024032044e-06, 'epoch': 1.67}
{'loss': 0.0364, 'grad_norm': 1135315.9278932011, 'learning_rate': 1.6054739652870495e-06, 'epoch': 1.68}
{'loss': 0.0373, 'grad_norm': 1780274.359943433, 'learning_rate': 1.5720961281708947e-06, 'epoch': 1.69}
{'loss': 0.0295, 'grad_norm': 2494776.203779409, 'learning_rate': 1.5387182910547399e-06, 'epoch': 1.69}
{'loss': 0.0463, 'grad_norm': 1064210.1360013445, 'learning_rate': 1.5053404539385848e-06, 'epoch': 1.7}
{'loss': 0.0395, 'grad_norm': 1540011.4870428727, 'learning_rate': 1.47196261682243e-06, 'epoch': 1.71}
{'loss': 0.0357, 'grad_norm': 1165038.1400520757, 'learning_rate': 1.4385847797062752e-06, 'epoch': 1.71}
{'loss': 0.0373, 'grad_norm': 1976964.3384866607, 'learning_rate': 1.4052069425901201e-06, 'epoch': 1.72}
{'loss': 0.0329, 'grad_norm': 1960335.5413030698, 'learning_rate': 1.3718291054739655e-06, 'epoch': 1.73}
{'loss': 0.0435, 'grad_norm': 1837935.5932132115, 'learning_rate': 1.3384512683578105e-06, 'epoch': 1.73}
{'loss': 0.0373, 'grad_norm': 1283851.8172935692, 'learning_rate': 1.3050734312416558e-06, 'epoch': 1.74}
{'loss': 0.0378, 'grad_norm': 1396392.3565531287, 'learning_rate': 1.2716955941255008e-06, 'epoch': 1.75}
{'loss': 0.0437, 'grad_norm': 1863284.4239525, 'learning_rate': 1.238317757009346e-06, 'epoch': 1.75}
{'loss': 0.0319, 'grad_norm': 1312033.242115458, 'learning_rate': 1.2049399198931911e-06, 'epoch': 1.76}
{'loss': 0.036, 'grad_norm': 1883415.0179373636, 'learning_rate': 1.171562082777036e-06, 'epoch': 1.77}
{'loss': 0.0395, 'grad_norm': 2266988.8010027753, 'learning_rate': 1.1381842456608812e-06, 'epoch': 1.77}
{'loss': 0.0398, 'grad_norm': 1460262.10328968, 'learning_rate': 1.1048064085447264e-06, 'epoch': 1.78}
{'loss': 0.0332, 'grad_norm': 1674868.843371325, 'learning_rate': 1.0714285714285714e-06, 'epoch': 1.79}
{'loss': 0.035, 'grad_norm': 1684381.1764324605, 'learning_rate': 1.0380507343124165e-06, 'epoch': 1.79}
{'loss': 0.037, 'grad_norm': 1110462.0801089967, 'learning_rate': 1.0046728971962617e-06, 'epoch': 1.8}
{'loss': 0.0313, 'grad_norm': 766037.7278228534, 'learning_rate': 9.712950600801069e-07, 'epoch': 1.81}
{'loss': 0.0334, 'grad_norm': 1644192.0818979759, 'learning_rate': 9.37917222963952e-07, 'epoch': 1.81}
{'loss': 0.0364, 'grad_norm': 1276000.6127145865, 'learning_rate': 9.045393858477972e-07, 'epoch': 1.82}
{'loss': 0.0382, 'grad_norm': 1418904.982008309, 'learning_rate': 8.711615487316423e-07, 'epoch': 1.83}
{'loss': 0.0474, 'grad_norm': 2754508.038171608, 'learning_rate': 8.377837116154874e-07, 'epoch': 1.83}
{'loss': 0.0317, 'grad_norm': 1649550.2977575434, 'learning_rate': 8.044058744993325e-07, 'epoch': 1.84}
{'loss': 0.0352, 'grad_norm': 1544198.8753162592, 'learning_rate': 7.710280373831776e-07, 'epoch': 1.85}
{'loss': 0.0308, 'grad_norm': 1239573.6239336492, 'learning_rate': 7.376502002670227e-07, 'epoch': 1.85}
{'loss': 0.0382, 'grad_norm': 1787907.885448241, 'learning_rate': 7.042723631508679e-07, 'epoch': 1.86}
{'loss': 0.0301, 'grad_norm': 1976662.1216829142, 'learning_rate': 6.70894526034713e-07, 'epoch': 1.87}
{'loss': 0.0335, 'grad_norm': 1901579.648860389, 'learning_rate': 6.375166889185581e-07, 'epoch': 1.87}
{'loss': 0.0379, 'grad_norm': 2747809.793056281, 'learning_rate': 6.041388518024033e-07, 'epoch': 1.88}
{'loss': 0.0343, 'grad_norm': 2125228.3096025237, 'learning_rate': 5.707610146862483e-07, 'epoch': 1.89}
{'loss': 0.0336, 'grad_norm': 1784577.9647098638, 'learning_rate': 5.373831775700935e-07, 'epoch': 1.89}
{'loss': 0.0338, 'grad_norm': 1228712.31687161, 'learning_rate': 5.040053404539387e-07, 'epoch': 1.9}
{'loss': 0.0414, 'grad_norm': 1294694.4820026075, 'learning_rate': 4.706275033377838e-07, 'epoch': 1.91}
{'loss': 0.0438, 'grad_norm': 1490094.879083879, 'learning_rate': 4.3724966622162885e-07, 'epoch': 1.91}
{'loss': 0.0365, 'grad_norm': 1326730.021380386, 'learning_rate': 4.0387182910547397e-07, 'epoch': 1.92}
{'loss': 0.036, 'grad_norm': 1037723.9063720176, 'learning_rate': 3.7049399198931913e-07, 'epoch': 1.93}
{'loss': 0.0367, 'grad_norm': 1966603.3303500735, 'learning_rate': 3.3711615487316425e-07, 'epoch': 1.93}
{'loss': 0.0306, 'grad_norm': 1231136.4454031892, 'learning_rate': 3.0373831775700936e-07, 'epoch': 1.94}
{'loss': 0.04, 'grad_norm': 1435411.7009527266, 'learning_rate': 2.7036048064085453e-07, 'epoch': 1.95}
{'loss': 0.0344, 'grad_norm': 1849326.1394486371, 'learning_rate': 2.3698264352469962e-07, 'epoch': 1.95}
{'loss': 0.0304, 'grad_norm': 1479803.831496594, 'learning_rate': 2.0360480640854476e-07, 'epoch': 1.96}
{'loss': 0.0378, 'grad_norm': 1643451.9711777403, 'learning_rate': 1.7022696929238987e-07, 'epoch': 1.97}
{'loss': 0.0279, 'grad_norm': 1820035.0561898525, 'learning_rate': 1.3684913217623498e-07, 'epoch': 1.97}
{'loss': 0.0404, 'grad_norm': 1056228.5755043745, 'learning_rate': 1.0347129506008011e-07, 'epoch': 1.98}
{'loss': 0.0344, 'grad_norm': 1590407.0824791996, 'learning_rate': 7.009345794392524e-08, 'epoch': 1.99}
{'loss': 0.0421, 'grad_norm': 4165107.255051183, 'learning_rate': 3.671562082777036e-08, 'epoch': 1.99}
{'loss': 0.0339, 'grad_norm': 2946504.973943197, 'learning_rate': 3.3377837116154877e-09, 'epoch': 2.0}
{'train_runtime': 4351.8001, 'train_samples_per_second': 1.388, 'train_steps_per_second': 1.388, 'train_loss': 0.07673001651291775, 'epoch': 2.0}
Training is finished, merging the outputs from GPU's
