usage: main.py [-h] [--train-dataset TRAIN_DATASET]
               [--benchmark-dataset BENCHMARK_DATASET]
               [--from-finetuned FROM_FINETUNED] [--output-dir OUTPUT_DIR]
               [--run-name RUN_NAME] [--process-dataset PROCESS_DATASET]
               [--epoch-num EPOCH_NUM] [--dataset-split DATASET_SPLIT]
               [--model-name MODEL_NAME]
               {train,benchmark,inference}
main.py: error: argument mode: invalid choice: './Config/phi_ds_config.yaml' (choose from 'train', 'benchmark', 'inference')
E1023 19:18:19.295938 140737352876864 torch/distributed/elastic/multiprocessing/api.py:826] failed (exitcode: 2) local_rank: 0 (pid: 1209188) of binary: /work/aeslami/VLA/phi_env/bin/python3.10
Traceback (most recent call last):
  File "/work/aeslami/VLA/phi_env/bin/accelerate", line 7, in <module>
    sys.exit(main())
  File "/work/aeslami/VLA/phi_env/lib/python3.10/site-packages/accelerate/commands/accelerate_cli.py", line 46, in main
    args.func(args)
  File "/work/aeslami/VLA/phi_env/lib/python3.10/site-packages/accelerate/commands/launch.py", line 1067, in launch_command
    deepspeed_launcher(args)
  File "/work/aeslami/VLA/phi_env/lib/python3.10/site-packages/accelerate/commands/launch.py", line 771, in deepspeed_launcher
    distrib_run.run(args)
  File "/work/aeslami/VLA/phi_env/lib/python3.10/site-packages/torch/distributed/run.py", line 870, in run
    elastic_launch(
  File "/work/aeslami/VLA/phi_env/lib/python3.10/site-packages/torch/distributed/launcher/api.py", line 132, in __call__
    return launch_agent(self._config, self._entrypoint, list(args))
  File "/work/aeslami/VLA/phi_env/lib/python3.10/site-packages/torch/distributed/launcher/api.py", line 263, in launch_agent
    raise ChildFailedError(
torch.distributed.elastic.multiprocessing.errors.ChildFailedError: 
============================================================
/work/aeslami/VLA/main.py FAILED
------------------------------------------------------------
Failures:
  <NO_OTHER_FAILURES>
------------------------------------------------------------
Root Cause (first observed failure):
[0]:
  time      : 2025-10-23_19:18:19
  host      : node040.cm.cluster
  rank      : 0 (local_rank: 0)
  exitcode  : 2 (pid: 1209188)
  error_file: <N/A>
  traceback : To enable traceback see: https://pytorch.org/docs/stable/elastic/errors.html
============================================================
